[debug] [2024-11-05T03:52:10.437Z] ----------------------------------------------------------------------
[debug] [2024-11-05T03:52:10.439Z] Command:       C:\Program Files\nodejs\node.exe C:\Users\thewt\AppData\Roaming\npm\node_modules\firebase-tools\lib\bin\firebase.js serve
[debug] [2024-11-05T03:52:10.439Z] CLI Version:   13.24.0
[debug] [2024-11-05T03:52:10.439Z] Platform:      win32
[debug] [2024-11-05T03:52:10.439Z] Node Version:  v20.18.0
[debug] [2024-11-05T03:52:10.439Z] Time:          Tue Nov 05 2024 10:52:10 GMT+0700 (Indochina Time)
[debug] [2024-11-05T03:52:10.439Z] ----------------------------------------------------------------------
[debug] 
[debug] [2024-11-05T03:52:10.519Z] > command requires scopes: ["email","openid","https://www.googleapis.com/auth/cloudplatformprojects.readonly","https://www.googleapis.com/auth/firebase","https://www.googleapis.com/auth/cloud-platform"]
[debug] [2024-11-05T03:52:10.520Z] > authorizing via signed-in user (thongsrisuk_v@silpakorn.edu)
[debug] [2024-11-05T03:52:10.520Z] [iam] checking project voralopsale for permissions ["firebase.projects.get"]
[debug] [2024-11-05T03:52:10.521Z] Checked if tokens are valid: false, expires at: 1730774446911
[debug] [2024-11-05T03:52:10.521Z] Checked if tokens are valid: false, expires at: 1730774446911
[debug] [2024-11-05T03:52:10.521Z] > refreshing access token with scopes: []
[debug] [2024-11-05T03:52:10.522Z] >>> [apiv2][query] POST https://www.googleapis.com/oauth2/v3/token [none]
[debug] [2024-11-05T03:52:10.522Z] >>> [apiv2][body] POST https://www.googleapis.com/oauth2/v3/token [omitted]
[debug] [2024-11-05T03:52:10.687Z] <<< [apiv2][status] POST https://www.googleapis.com/oauth2/v3/token 200
[debug] [2024-11-05T03:52:10.687Z] <<< [apiv2][body] POST https://www.googleapis.com/oauth2/v3/token [omitted]
[debug] [2024-11-05T03:52:10.693Z] >>> [apiv2][query] POST https://cloudresourcemanager.googleapis.com/v1/projects/voralopsale:testIamPermissions [none]
[debug] [2024-11-05T03:52:10.693Z] >>> [apiv2][(partial)header] POST https://cloudresourcemanager.googleapis.com/v1/projects/voralopsale:testIamPermissions x-goog-quota-user=projects/voralopsale
[debug] [2024-11-05T03:52:10.693Z] >>> [apiv2][body] POST https://cloudresourcemanager.googleapis.com/v1/projects/voralopsale:testIamPermissions {"permissions":["firebase.projects.get"]}
[debug] [2024-11-05T03:52:11.859Z] <<< [apiv2][status] POST https://cloudresourcemanager.googleapis.com/v1/projects/voralopsale:testIamPermissions 200
[debug] [2024-11-05T03:52:11.859Z] <<< [apiv2][body] POST https://cloudresourcemanager.googleapis.com/v1/projects/voralopsale:testIamPermissions {"permissions":["firebase.projects.get"]}
[debug] [2024-11-05T03:52:11.859Z] Checked if tokens are valid: true, expires at: 1730782329687
[debug] [2024-11-05T03:52:11.859Z] Checked if tokens are valid: true, expires at: 1730782329687
[debug] [2024-11-05T03:52:11.859Z] >>> [apiv2][query] GET https://firebase.googleapis.com/v1beta1/projects/voralopsale [none]
[debug] [2024-11-05T03:52:12.446Z] <<< [apiv2][status] GET https://firebase.googleapis.com/v1beta1/projects/voralopsale 200
[debug] [2024-11-05T03:52:12.446Z] <<< [apiv2][body] GET https://firebase.googleapis.com/v1beta1/projects/voralopsale {"projectId":"voralopsale","projectNumber":"566980337173","displayName":"voralopsale","name":"projects/voralopsale","resources":{"hostingSite":"voralopsale","realtimeDatabaseInstance":"voralopsale-default-rtdb"},"state":"ACTIVE","etag":"1_cb1487b4-58e0-492b-8cc3-59117b2bf1e7"}
[info] 
[info] === Serving from 'C:\Users\thewt\Desktop\demo\project\login'...
[info] 
[debug] [2024-11-05T03:52:12.448Z] Checked if tokens are valid: true, expires at: 1730782329687
[debug] [2024-11-05T03:52:12.448Z] Checked if tokens are valid: true, expires at: 1730782329687
[debug] [2024-11-05T03:52:12.449Z] >>> [apiv2][query] GET https://firebasehosting.googleapis.com/v1beta1/projects/voralopsale/sites 
[debug] [2024-11-05T03:52:13.340Z] <<< [apiv2][status] GET https://firebasehosting.googleapis.com/v1beta1/projects/voralopsale/sites 200
[debug] [2024-11-05T03:52:13.340Z] <<< [apiv2][body] GET https://firebasehosting.googleapis.com/v1beta1/projects/voralopsale/sites {"sites":[{"name":"projects/voralopsale/sites/voralopsale","defaultUrl":"https://voralopsale.web.app","appId":"1:566980337173:web:c5cd3e6981ff7507ebf81c","type":"DEFAULT_SITE"}]}
[debug] [2024-11-05T03:52:13.340Z] Checked if tokens are valid: true, expires at: 1730782329687
[debug] [2024-11-05T03:52:13.341Z] Checked if tokens are valid: true, expires at: 1730782329687
[debug] [2024-11-05T03:52:13.341Z] >>> [apiv2][query] GET https://firebase.googleapis.com/v1beta1/projects/voralopsale/webApps/1:566980337173:web:c5cd3e6981ff7507ebf81c/config [none]
[debug] [2024-11-05T03:52:14.256Z] <<< [apiv2][status] GET https://firebase.googleapis.com/v1beta1/projects/voralopsale/webApps/1:566980337173:web:c5cd3e6981ff7507ebf81c/config 200
[debug] [2024-11-05T03:52:14.256Z] <<< [apiv2][body] GET https://firebase.googleapis.com/v1beta1/projects/voralopsale/webApps/1:566980337173:web:c5cd3e6981ff7507ebf81c/config {"projectId":"voralopsale","appId":"1:566980337173:web:c5cd3e6981ff7507ebf81c","databaseURL":"https://voralopsale-default-rtdb.asia-southeast1.firebasedatabase.app","storageBucket":"voralopsale.firebasestorage.app","apiKey":"AIzaSyA4aGu_CP0hIzbT_ROq08RosRmlzx_7z1A","authDomain":"voralopsale.firebaseapp.com","messagingSenderId":"566980337173","measurementId":"G-SPH7N01KED"}
[debug] [2024-11-05T03:52:14.259Z] Checked if tokens are valid: true, expires at: 1730782329687
[debug] [2024-11-05T03:52:14.260Z] Checked if tokens are valid: true, expires at: 1730782329687
[debug] [2024-11-05T03:52:14.260Z] >>> [apiv2][query] GET https://firebase.googleapis.com/v1beta1/projects/voralopsale [none]
[debug] [2024-11-05T03:52:14.769Z] <<< [apiv2][status] GET https://firebase.googleapis.com/v1beta1/projects/voralopsale 200
[debug] [2024-11-05T03:52:14.769Z] <<< [apiv2][body] GET https://firebase.googleapis.com/v1beta1/projects/voralopsale {"projectId":"voralopsale","projectNumber":"566980337173","displayName":"voralopsale","name":"projects/voralopsale","resources":{"hostingSite":"voralopsale","realtimeDatabaseInstance":"voralopsale-default-rtdb"},"state":"ACTIVE","etag":"1_cb1487b4-58e0-492b-8cc3-59117b2bf1e7"}
[info] i  hosting[voralopsale]: Serving hosting files from: public {"metadata":{"emulator":{"name":"hosting"},"message":"Serving hosting files from: \u001b[1mpublic\u001b[22m"}}
[info] +  hosting[voralopsale]: Local server: http://localhost:5000 {"metadata":{"emulator":{"name":"hosting"},"message":"Local server: \u001b[4m\u001b[1mhttp://localhost:5000\u001b[22m\u001b[24m"}}
[info] i  hosting: ::1 - - [05/Nov/2024:03:52:26 +0000] "GET / HTTP/1.1" 200 - "-" "Mozilla/5.0 (Windows NT 10.0; Win64; x64) AppleWebKit/537.36 (KHTML, like Gecko) Chrome/130.0.0.0 Safari/537.36" {"metadata":{"emulator":{"name":"hosting"},"message":"::1 - - [05/Nov/2024:03:52:26 +0000] \"GET / HTTP/1.1\" 200 - \"-\" \"Mozilla/5.0 (Windows NT 10.0; Win64; x64) AppleWebKit/537.36 (KHTML, like Gecko) Chrome/130.0.0.0 Safari/537.36\""}}
[info] i  hosting: ::1 - - [05/Nov/2024:03:52:26 +0000] "GET /picture/cafe.jpg HTTP/1.1" 404 - "http://localhost:5000/css/styles.css" "Mozilla/5.0 (Windows NT 10.0; Win64; x64) AppleWebKit/537.36 (KHTML, like Gecko) Chrome/130.0.0.0 Safari/537.36" {"metadata":{"emulator":{"name":"hosting"},"message":"::1 - - [05/Nov/2024:03:52:26 +0000] \"GET /picture/cafe.jpg HTTP/1.1\" 404 - \"http://localhost:5000/css/styles.css\" \"Mozilla/5.0 (Windows NT 10.0; Win64; x64) AppleWebKit/537.36 (KHTML, like Gecko) Chrome/130.0.0.0 Safari/537.36\""}}
[info] i  hosting: ::1 - - [05/Nov/2024:03:53:47 +0000] "GET / HTTP/1.1" 200 - "-" "Mozilla/5.0 (Windows NT 10.0; Win64; x64) AppleWebKit/537.36 (KHTML, like Gecko) Chrome/130.0.0.0 Safari/537.36" {"metadata":{"emulator":{"name":"hosting"},"message":"::1 - - [05/Nov/2024:03:53:47 +0000] \"GET / HTTP/1.1\" 200 - \"-\" \"Mozilla/5.0 (Windows NT 10.0; Win64; x64) AppleWebKit/537.36 (KHTML, like Gecko) Chrome/130.0.0.0 Safari/537.36\""}}
[info] i  hosting: ::1 - - [05/Nov/2024:03:53:47 +0000] "GET /js/user.js HTTP/1.1" 200 971 "http://localhost:5000/" "Mozilla/5.0 (Windows NT 10.0; Win64; x64) AppleWebKit/537.36 (KHTML, like Gecko) Chrome/130.0.0.0 Safari/537.36" {"metadata":{"emulator":{"name":"hosting"},"message":"::1 - - [05/Nov/2024:03:53:47 +0000] \"GET /js/user.js HTTP/1.1\" 200 971 \"http://localhost:5000/\" \"Mozilla/5.0 (Windows NT 10.0; Win64; x64) AppleWebKit/537.36 (KHTML, like Gecko) Chrome/130.0.0.0 Safari/537.36\""}}
[info] i  hosting: ::1 - - [05/Nov/2024:03:53:47 +0000] "GET /picture/cafe.jpg HTTP/1.1" 404 - "http://localhost:5000/css/styles.css" "Mozilla/5.0 (Windows NT 10.0; Win64; x64) AppleWebKit/537.36 (KHTML, like Gecko) Chrome/130.0.0.0 Safari/537.36" {"metadata":{"emulator":{"name":"hosting"},"message":"::1 - - [05/Nov/2024:03:53:47 +0000] \"GET /picture/cafe.jpg HTTP/1.1\" 404 - \"http://localhost:5000/css/styles.css\" \"Mozilla/5.0 (Windows NT 10.0; Win64; x64) AppleWebKit/537.36 (KHTML, like Gecko) Chrome/130.0.0.0 Safari/537.36\""}}
[debug] [2024-11-06T11:24:47.017Z] ----------------------------------------------------------------------
[debug] [2024-11-06T11:24:47.023Z] Command:       C:\Program Files\nodejs\node.exe C:\Users\thewt\AppData\Roaming\npm\node_modules\firebase-tools\lib\bin\firebase.js serve
[debug] [2024-11-06T11:24:47.023Z] CLI Version:   13.24.0
[debug] [2024-11-06T11:24:47.024Z] Platform:      win32
[debug] [2024-11-06T11:24:47.024Z] Node Version:  v20.18.0
[debug] [2024-11-06T11:24:47.024Z] Time:          Wed Nov 06 2024 18:24:47 GMT+0700 (Indochina Time)
[debug] [2024-11-06T11:24:47.024Z] ----------------------------------------------------------------------
[debug] 
[debug] [2024-11-06T11:24:47.028Z] >>> [apiv2][query] GET https://firebase-public.firebaseio.com/cli.json [none]
[debug] [2024-11-06T11:24:47.112Z] > command requires scopes: ["email","openid","https://www.googleapis.com/auth/cloudplatformprojects.readonly","https://www.googleapis.com/auth/firebase","https://www.googleapis.com/auth/cloud-platform"]
[debug] [2024-11-06T11:24:47.112Z] > authorizing via signed-in user (thongsrisuk_v@silpakorn.edu)
[debug] [2024-11-06T11:24:47.112Z] [iam] checking project voralopsale for permissions ["firebase.projects.get"]
[debug] [2024-11-06T11:24:47.113Z] Checked if tokens are valid: false, expires at: 1730782329687
[debug] [2024-11-06T11:24:47.113Z] Checked if tokens are valid: false, expires at: 1730782329687
[debug] [2024-11-06T11:24:47.113Z] > refreshing access token with scopes: []
[debug] [2024-11-06T11:24:47.114Z] >>> [apiv2][query] POST https://www.googleapis.com/oauth2/v3/token [none]
[debug] [2024-11-06T11:24:47.114Z] >>> [apiv2][body] POST https://www.googleapis.com/oauth2/v3/token [omitted]
[debug] [2024-11-06T11:24:47.258Z] <<< [apiv2][status] POST https://www.googleapis.com/oauth2/v3/token 400
[debug] [2024-11-06T11:24:47.259Z] <<< [apiv2][body] POST https://www.googleapis.com/oauth2/v3/token [omitted]
[debug] [2024-11-06T11:24:47.259Z] [iam] error while checking permissions, command may fail: FirebaseError: Authentication Error: Your credentials are no longer valid. Please run firebase login --reauth

For CI servers and headless environments, generate a new token with firebase login:ci
[debug] [2024-11-06T11:24:47.260Z] Checked if tokens are valid: false, expires at: 1730782329687
[debug] [2024-11-06T11:24:47.260Z] Checked if tokens are valid: false, expires at: 1730782329687
[debug] [2024-11-06T11:24:47.260Z] > refreshing access token with scopes: []
[debug] [2024-11-06T11:24:47.260Z] >>> [apiv2][query] POST https://www.googleapis.com/oauth2/v3/token [none]
[debug] [2024-11-06T11:24:47.260Z] >>> [apiv2][body] POST https://www.googleapis.com/oauth2/v3/token [omitted]
[debug] [2024-11-06T11:24:47.330Z] <<< [apiv2][status] POST https://www.googleapis.com/oauth2/v3/token 400
[debug] [2024-11-06T11:24:47.330Z] <<< [apiv2][body] POST https://www.googleapis.com/oauth2/v3/token [omitted]
[debug] [2024-11-06T11:24:47.331Z] Authentication Error: Your credentials are no longer valid. Please run firebase login --reauth

For CI servers and headless environments, generate a new token with firebase login:ci
[debug] [2024-11-06T11:24:47.426Z] FirebaseError: Authentication Error: Your credentials are no longer valid. Please run firebase login --reauth

For CI servers and headless environments, generate a new token with firebase login:ci
    at invalidCredentialError (C:\Users\thewt\AppData\Roaming\npm\node_modules\firebase-tools\lib\auth.js:141:12)
    at refreshTokens (C:\Users\thewt\AppData\Roaming\npm\node_modules\firebase-tools\lib\auth.js:527:15)
    at process.processTicksAndRejections (node:internal/process/task_queues:95:5)
    at async getAccessToken (C:\Users\thewt\AppData\Roaming\npm\node_modules\firebase-tools\lib\apiv2.js:42:18)
    at async Client.addAuthHeader (C:\Users\thewt\AppData\Roaming\npm\node_modules\firebase-tools\lib\apiv2.js:169:21)
    at async Client.request (C:\Users\thewt\AppData\Roaming\npm\node_modules\firebase-tools\lib\apiv2.js:120:34)
    at async getFirebaseProject (C:\Users\thewt\AppData\Roaming\npm\node_modules\firebase-tools\lib\management\projects.js:295:21)
    at async needProjectNumber (C:\Users\thewt\AppData\Roaming\npm\node_modules\firebase-tools\lib\projectUtils.js:46:22)
    at async C:\Users\thewt\AppData\Roaming\npm\node_modules\firebase-tools\lib\command.js:233:17
[error] 
[error] Error: Failed to get Firebase project voralopsale. Please make sure the project exists and your account has permission to access it.
[debug] [2024-11-06T11:24:47.678Z] <<< [apiv2][status] GET https://firebase-public.firebaseio.com/cli.json 200
